[0.008s] Invoking command in '/home/venokos/workspace/build/demo_cpp_pkg': CMAKE_PREFIX_PATH=${CMAKE_PREFIX_PATH}:/opt/ros/humble /usr/bin/cmake /home/venokos/workspace/src/demo_cpp_pkg -DCMAKE_INSTALL_PREFIX=/home/venokos/workspace/install/demo_cpp_pkg
[0.099s] -- The C compiler identification is GNU 11.4.0
[0.158s] -- The CXX compiler identification is GNU 11.4.0
[0.165s] -- Detecting C compiler ABI info
[0.214s] -- Detecting C compiler ABI info - done
[0.218s] -- Check for working C compiler: /usr/bin/cc - skipped
[0.219s] -- Detecting C compile features
[0.219s] -- Detecting C compile features - done
[0.221s] -- Detecting CXX compiler ABI info
[0.276s] -- Detecting CXX compiler ABI info - done
[0.278s] -- Check for working CXX compiler: /usr/bin/c++ - skipped
[0.278s] -- Detecting CXX compile features
[0.278s] -- Detecting CXX compile features - done
[0.284s] -- Found ament_cmake: 1.3.12 (/opt/ros/humble/share/ament_cmake/cmake)
[0.374s] -- Found Python3: /usr/bin/python3 (found version "3.10.12") found components: Interpreter 
[0.444s] -- Found rclcpp: 16.0.14 (/opt/ros/humble/share/rclcpp/cmake)
[0.484s] -- Found rosidl_generator_c: 3.1.7 (/opt/ros/humble/share/rosidl_generator_c/cmake)
[0.488s] -- Found rosidl_adapter: 3.1.7 (/opt/ros/humble/share/rosidl_adapter/cmake)
[0.496s] -- Found rosidl_generator_cpp: 3.1.7 (/opt/ros/humble/share/rosidl_generator_cpp/cmake)
[0.513s] -- Using all available rosidl_typesupport_c: rosidl_typesupport_fastrtps_c;rosidl_typesupport_introspection_c
[0.530s] -- Using all available rosidl_typesupport_cpp: rosidl_typesupport_fastrtps_cpp;rosidl_typesupport_introspection_cpp
[0.567s] -- Found rmw_implementation_cmake: 6.1.2 (/opt/ros/humble/share/rmw_implementation_cmake/cmake)
[0.569s] -- Found rmw_fastrtps_cpp: 6.2.8 (/opt/ros/humble/share/rmw_fastrtps_cpp/cmake)
[0.633s] -- Found OpenSSL: /usr/lib/x86_64-linux-gnu/libcrypto.so (found version "3.0.2")  
[0.652s] -- Found FastRTPS: /opt/ros/humble/include  
[0.676s] -- Using RMW implementation 'rmw_fastrtps_cpp' as default
[0.682s] -- Looking for pthread.h
[0.744s] -- Looking for pthread.h - found
[0.744s] -- Performing Test CMAKE_HAVE_LIBC_PTHREAD
[0.785s] -- Performing Test CMAKE_HAVE_LIBC_PTHREAD - Success
[0.786s] -- Found Threads: TRUE  
[0.825s] -- Found ament_lint_auto: 0.12.14 (/opt/ros/humble/share/ament_lint_auto/cmake)
[0.874s] -- Added test 'cppcheck' to perform static code analysis on C / C++ code
[0.874s] -- Configured cppcheck include dirs: 
[0.874s] -- Configured cppcheck exclude dirs and/or files: 
[0.875s] -- Added test 'lint_cmake' to check CMake code style
[0.875s] -- Added test 'uncrustify' to check C / C++ code style
[0.876s] -- Configured uncrustify additional arguments: 
[0.876s] -- Added test 'xmllint' to check XML markup files
[0.878s] -- Configuring done
[0.884s] -- Generating done
[0.886s] -- Build files have been written to: /home/venokos/workspace/build/demo_cpp_pkg
[0.893s] Invoked command in '/home/venokos/workspace/build/demo_cpp_pkg' returned '0': CMAKE_PREFIX_PATH=${CMAKE_PREFIX_PATH}:/opt/ros/humble /usr/bin/cmake /home/venokos/workspace/src/demo_cpp_pkg -DCMAKE_INSTALL_PREFIX=/home/venokos/workspace/install/demo_cpp_pkg
[0.894s] Invoking command in '/home/venokos/workspace/build/demo_cpp_pkg': CMAKE_PREFIX_PATH=${CMAKE_PREFIX_PATH}:/opt/ros/humble /usr/bin/cmake --build /home/venokos/workspace/build/demo_cpp_pkg -- -j4 -l4
[0.932s] [ 50%] [32mBuilding CXX object CMakeFiles/ros2_node.dir/src/ros2_node.cpp.o[0m
[3.064s] [100%] [32m[1mLinking CXX executable ros2_node[0m
[3.169s] [100%] Built target ros2_node
[3.176s] Invoked command in '/home/venokos/workspace/build/demo_cpp_pkg' returned '0': CMAKE_PREFIX_PATH=${CMAKE_PREFIX_PATH}:/opt/ros/humble /usr/bin/cmake --build /home/venokos/workspace/build/demo_cpp_pkg -- -j4 -l4
[3.177s] Invoking command in '/home/venokos/workspace/build/demo_cpp_pkg': CMAKE_PREFIX_PATH=${CMAKE_PREFIX_PATH}:/opt/ros/humble /usr/bin/cmake --install /home/venokos/workspace/build/demo_cpp_pkg
[3.181s] -- Install configuration: ""
[3.182s] -- Installing: /home/venokos/workspace/install/demo_cpp_pkg/lib/demo_cpp_pkg/ros2_node
[3.182s] -- Set runtime path of "/home/venokos/workspace/install/demo_cpp_pkg/lib/demo_cpp_pkg/ros2_node" to ""
[3.182s] -- Installing: /home/venokos/workspace/install/demo_cpp_pkg/share/ament_index/resource_index/package_run_dependencies/demo_cpp_pkg
[3.182s] -- Installing: /home/venokos/workspace/install/demo_cpp_pkg/share/ament_index/resource_index/parent_prefix_path/demo_cpp_pkg
[3.182s] -- Installing: /home/venokos/workspace/install/demo_cpp_pkg/share/demo_cpp_pkg/environment/ament_prefix_path.sh
[3.183s] -- Installing: /home/venokos/workspace/install/demo_cpp_pkg/share/demo_cpp_pkg/environment/ament_prefix_path.dsv
[3.183s] -- Installing: /home/venokos/workspace/install/demo_cpp_pkg/share/demo_cpp_pkg/environment/path.sh
[3.183s] -- Installing: /home/venokos/workspace/install/demo_cpp_pkg/share/demo_cpp_pkg/environment/path.dsv
[3.183s] -- Installing: /home/venokos/workspace/install/demo_cpp_pkg/share/demo_cpp_pkg/local_setup.bash
[3.183s] -- Installing: /home/venokos/workspace/install/demo_cpp_pkg/share/demo_cpp_pkg/local_setup.sh
[3.183s] -- Installing: /home/venokos/workspace/install/demo_cpp_pkg/share/demo_cpp_pkg/local_setup.zsh
[3.183s] -- Installing: /home/venokos/workspace/install/demo_cpp_pkg/share/demo_cpp_pkg/local_setup.dsv
[3.183s] -- Installing: /home/venokos/workspace/install/demo_cpp_pkg/share/demo_cpp_pkg/package.dsv
[3.183s] -- Installing: /home/venokos/workspace/install/demo_cpp_pkg/share/ament_index/resource_index/packages/demo_cpp_pkg
[3.183s] -- Installing: /home/venokos/workspace/install/demo_cpp_pkg/share/demo_cpp_pkg/cmake/demo_cpp_pkgConfig.cmake
[3.183s] -- Installing: /home/venokos/workspace/install/demo_cpp_pkg/share/demo_cpp_pkg/cmake/demo_cpp_pkgConfig-version.cmake
[3.183s] -- Installing: /home/venokos/workspace/install/demo_cpp_pkg/share/demo_cpp_pkg/package.xml
[3.184s] Invoked command in '/home/venokos/workspace/build/demo_cpp_pkg' returned '0': CMAKE_PREFIX_PATH=${CMAKE_PREFIX_PATH}:/opt/ros/humble /usr/bin/cmake --install /home/venokos/workspace/build/demo_cpp_pkg
