[0.013s] Invoking command in '/home/venokos/workspace/build/demo_cpp_pkg2': CMAKE_PREFIX_PATH=${CMAKE_PREFIX_PATH}:/opt/ros/humble /usr/bin/cmake /home/venokos/workspace/src/demo_cpp_pkg2 -DCMAKE_INSTALL_PREFIX=/home/venokos/workspace/install/demo_cpp_pkg2
[0.094s] -- The C compiler identification is GNU 11.4.0
[0.151s] -- The CXX compiler identification is GNU 11.4.0
[0.160s] -- Detecting C compiler ABI info
[0.209s] -- Detecting C compiler ABI info - done
[0.212s] -- Check for working C compiler: /usr/bin/cc - skipped
[0.213s] -- Detecting C compile features
[0.214s] -- Detecting C compile features - done
[0.216s] -- Detecting CXX compiler ABI info
[0.268s] -- Detecting CXX compiler ABI info - done
[0.272s] -- Check for working CXX compiler: /usr/bin/c++ - skipped
[0.272s] -- Detecting CXX compile features
[0.273s] -- Detecting CXX compile features - done
[0.279s] -- Found ament_cmake: 1.3.12 (/opt/ros/humble/share/ament_cmake/cmake)
[0.370s] -- Found Python3: /usr/bin/python3 (found version "3.10.12") found components: Interpreter 
[0.439s] -- Found rclcpp: 16.0.14 (/opt/ros/humble/share/rclcpp/cmake)
[0.479s] -- Found rosidl_generator_c: 3.1.7 (/opt/ros/humble/share/rosidl_generator_c/cmake)
[0.483s] -- Found rosidl_adapter: 3.1.7 (/opt/ros/humble/share/rosidl_adapter/cmake)
[0.491s] -- Found rosidl_generator_cpp: 3.1.7 (/opt/ros/humble/share/rosidl_generator_cpp/cmake)
[0.508s] -- Using all available rosidl_typesupport_c: rosidl_typesupport_fastrtps_c;rosidl_typesupport_introspection_c
[0.525s] -- Using all available rosidl_typesupport_cpp: rosidl_typesupport_fastrtps_cpp;rosidl_typesupport_introspection_cpp
[0.562s] -- Found rmw_implementation_cmake: 6.1.2 (/opt/ros/humble/share/rmw_implementation_cmake/cmake)
[0.564s] -- Found rmw_fastrtps_cpp: 6.2.8 (/opt/ros/humble/share/rmw_fastrtps_cpp/cmake)
[0.631s] -- Found OpenSSL: /usr/lib/x86_64-linux-gnu/libcrypto.so (found version "3.0.2")  
[0.647s] -- Found FastRTPS: /opt/ros/humble/include  
[0.670s] -- Using RMW implementation 'rmw_fastrtps_cpp' as default
[0.676s] -- Looking for pthread.h
[0.730s] -- Looking for pthread.h - found
[0.730s] -- Performing Test CMAKE_HAVE_LIBC_PTHREAD
[0.776s] -- Performing Test CMAKE_HAVE_LIBC_PTHREAD - Success
[0.777s] -- Found Threads: TRUE  
[0.820s] -- Found ament_lint_auto: 0.12.14 (/opt/ros/humble/share/ament_lint_auto/cmake)
[0.869s] -- Added test 'cppcheck' to perform static code analysis on C / C++ code
[0.869s] -- Configured cppcheck include dirs: 
[0.869s] -- Configured cppcheck exclude dirs and/or files: 
[0.870s] -- Added test 'lint_cmake' to check CMake code style
[0.870s] -- Added test 'uncrustify' to check C / C++ code style
[0.870s] -- Configured uncrustify additional arguments: 
[0.871s] -- Added test 'xmllint' to check XML markup files
[0.873s] -- Configuring done
[0.879s] -- Generating done
[0.881s] -- Build files have been written to: /home/venokos/workspace/build/demo_cpp_pkg2
[0.890s] Invoked command in '/home/venokos/workspace/build/demo_cpp_pkg2' returned '0': CMAKE_PREFIX_PATH=${CMAKE_PREFIX_PATH}:/opt/ros/humble /usr/bin/cmake /home/venokos/workspace/src/demo_cpp_pkg2 -DCMAKE_INSTALL_PREFIX=/home/venokos/workspace/install/demo_cpp_pkg2
[0.893s] Invoking command in '/home/venokos/workspace/build/demo_cpp_pkg2': CMAKE_PREFIX_PATH=${CMAKE_PREFIX_PATH}:/opt/ros/humble /usr/bin/cmake --build /home/venokos/workspace/build/demo_cpp_pkg2 -- -j4 -l4
[0.923s] [ 50%] [32mBuilding CXX object CMakeFiles/ros2_node2.dir/src/ros2_node2.cpp.o[0m
[3.059s] [100%] [32m[1mLinking CXX executable ros2_node2[0m
[3.155s] [100%] Built target ros2_node2
[3.162s] Invoked command in '/home/venokos/workspace/build/demo_cpp_pkg2' returned '0': CMAKE_PREFIX_PATH=${CMAKE_PREFIX_PATH}:/opt/ros/humble /usr/bin/cmake --build /home/venokos/workspace/build/demo_cpp_pkg2 -- -j4 -l4
[3.169s] Invoking command in '/home/venokos/workspace/build/demo_cpp_pkg2': CMAKE_PREFIX_PATH=${CMAKE_PREFIX_PATH}:/opt/ros/humble /usr/bin/cmake --install /home/venokos/workspace/build/demo_cpp_pkg2
[3.175s] -- Install configuration: ""
[3.175s] -- Installing: /home/venokos/workspace/install/demo_cpp_pkg2/lib/demo_cpp_pkg2/ros2_node2
[3.175s] -- Set runtime path of "/home/venokos/workspace/install/demo_cpp_pkg2/lib/demo_cpp_pkg2/ros2_node2" to ""
[3.176s] -- Installing: /home/venokos/workspace/install/demo_cpp_pkg2/share/ament_index/resource_index/package_run_dependencies/demo_cpp_pkg2
[3.176s] -- Installing: /home/venokos/workspace/install/demo_cpp_pkg2/share/ament_index/resource_index/parent_prefix_path/demo_cpp_pkg2
[3.176s] -- Installing: /home/venokos/workspace/install/demo_cpp_pkg2/share/demo_cpp_pkg2/environment/ament_prefix_path.sh
[3.176s] -- Installing: /home/venokos/workspace/install/demo_cpp_pkg2/share/demo_cpp_pkg2/environment/ament_prefix_path.dsv
[3.176s] -- Installing: /home/venokos/workspace/install/demo_cpp_pkg2/share/demo_cpp_pkg2/environment/path.sh
[3.177s] -- Installing: /home/venokos/workspace/install/demo_cpp_pkg2/share/demo_cpp_pkg2/environment/path.dsv
[3.179s] -- Installing: /home/venokos/workspace/install/demo_cpp_pkg2/share/demo_cpp_pkg2/local_setup.bash
[3.179s] -- Installing: /home/venokos/workspace/install/demo_cpp_pkg2/share/demo_cpp_pkg2/local_setup.sh
[3.179s] -- Installing: /home/venokos/workspace/install/demo_cpp_pkg2/share/demo_cpp_pkg2/local_setup.zsh
[3.179s] -- Installing: /home/venokos/workspace/install/demo_cpp_pkg2/share/demo_cpp_pkg2/local_setup.dsv
[3.179s] -- Installing: /home/venokos/workspace/install/demo_cpp_pkg2/share/demo_cpp_pkg2/package.dsv
[3.179s] -- Installing: /home/venokos/workspace/install/demo_cpp_pkg2/share/ament_index/resource_index/packages/demo_cpp_pkg2
[3.179s] -- Installing: /home/venokos/workspace/install/demo_cpp_pkg2/share/demo_cpp_pkg2/cmake/demo_cpp_pkg2Config.cmake
[3.179s] -- Installing: /home/venokos/workspace/install/demo_cpp_pkg2/share/demo_cpp_pkg2/cmake/demo_cpp_pkg2Config-version.cmake
[3.179s] -- Installing: /home/venokos/workspace/install/demo_cpp_pkg2/share/demo_cpp_pkg2/package.xml
[3.195s] Invoked command in '/home/venokos/workspace/build/demo_cpp_pkg2' returned '0': CMAKE_PREFIX_PATH=${CMAKE_PREFIX_PATH}:/opt/ros/humble /usr/bin/cmake --install /home/venokos/workspace/build/demo_cpp_pkg2
